<?xml version="1.0" encoding="UTF-8" standalone="no"?>
<testsuite errors="0" failures="1" name="io.cucumber.core.plugin.JUnitFormatter" skipped="0" tests="2" time="4.108">
    <testcase classname="Check login fonctionality" name="_2" time="3.758">
        <system-out><![CDATA[Given user is in login page.................................................passed
When user enters valid username and password................................passed
And clicks on login botton..................................................passed
Then user navigated to the home page........................................passed
]]></system-out>
    </testcase>
    <testcase classname="Check login fonctionality" name="_3" time="0.022">
        <failure message="Cannot invoke &quot;org.openqa.selenium.WebDriver.close()&quot; because &quot;this.driver&quot; is null" type="java.lang.NullPointerException"><![CDATA[Given user is in login page.................................................passed
When user enters valid username and password................................passed
And clicks on login botton..................................................passed
Then user navigated to the home page........................................passed

StackTrace:
java.lang.NullPointerException: Cannot invoke "org.openqa.selenium.WebDriver.close()" because "this.driver" is null
	at runnerHooks.HooksSteps.teardown(HooksSteps.java:40)
]]></failure>
    </testcase>
</testsuite>
